Arguments: 
  C:\Users\anais\.nvm\versions\node\v20.2.0\bin\node.exe C:\Users\anais\.nvm\versions\node\v20.2.0\bin\node_modules\yarn\bin\yarn.js init

PATH: 
  C:\Users\anais\.nvm\versions\node\v20.2.0\bin;C:\Users\anais\bin;C:\Program Files\Git\usr\local\bin;C:\Program Files\Git\usr\bin;C:\Program Files\Git\usr\bin;C:\Program Files\Git\opt\bin;C:\WINDOWS\system32;C:\WINDOWS;C:\WINDOWS\System32\Wbem;C:\WINDOWS\System32\WindowsPowerShell\v1.0;C:\WINDOWS\System32\OpenSSH;C:\Program Files\Git\cmd;C:\Program Files\nodejs;%HOME%\anais\.nvm;%NVM_HOME;%NVM_SYMLINK%;.;C:\Program Files\GitHub CLI;C:\msys64\usr\bin;C:\Users\anais\AppData\Local\Android\Sdk\platform-tools;C:\Program Files\dotnet;C:\Users\anais\AppData\Local\Programs\Python\Python310\Scripts;C:\Users\anais\AppData\Local\Programs\Python\Python310;C:\Users\anais\AppData\Local\Microsoft\WindowsApps;C:\Users\anais\AppData\Local\Programs\Microsoft VS Code\bin;C:\Program Files\nodej;.;%NVM_HOME;%NVM_SYMLINK%;.;C:\Users\anais\AppData\Local\Packages\PythonSoftwareFoundation.Python.3.10_qbz5n2kfra8p0\LocalCache\local-packages\Python310\Scripts;C:\Program Files\Git\usr\bin\vendor_perl;C:\Program Files\Git\usr\bin\core_perl

Yarn version: 
  1.22.19

Node version: 
  20.2.0

Platform: 
  win32 x64

Trace: 
  Error: canceled
      at Interface.<anonymous> (C:\Users\anais\.nvm\versions\node\v20.2.0\bin\node_modules\yarn\lib\cli.js:137150:13)
      at Interface.emit (node:events:511:28)
      at [_ttyWrite] [as _ttyWrite] (node:internal/readline/interface:1124:18)
      at ReadStream.onkeypress (node:internal/readline/interface:263:20)
      at ReadStream.emit (node:events:511:28)
      at emitKeys (node:internal/readline/utils:357:14)
      at emitKeys.next (<anonymous>)
      at ReadStream.onData (node:internal/readline/emitKeypressEvents:64:36)
      at ReadStream.emit (node:events:511:28)
      at addChunk (node:internal/streams/readable:332:12)

npm manifest: 
  No manifest

yarn manifest: 
  No manifest

Lockfile: 
  No lockfile
